[03:50:38] alt:V Server 2.8 (release)
[03:50:38] Starting alt:V Server on 0.0.0.0:7788
[03:50:38] Loading resource gamemode
[03:50:38] Loading resource chat
[03:50:38] Loaded resource chat
[03:50:38] Loaded resource gamemode
[03:50:38] Required server permissions:
[03:50:38] Optional server permissions:
[03:50:38] Starting HTTP server on 0.0.0.0:7788
[03:50:38] Main thread started (ThreadId: 9460)
[03:50:38] Colshape thread started (ThreadId: 19536)
[03:50:38] EntityStreamer thread started (ThreadId: 12844)
[03:50:38] Network thread started (ThreadId: 14188)
[03:50:38] Console thread started (ThreadId: 19816)
[03:50:38] Server started
[03:50:45] [chat:cmd] macnine: /hp
[03:50:46] [chat:cmd] macnine: /sethp
[03:50:46][Error] [V8] Exception at gamemode:file:///D:/Geli%C5%9Ftirme/Alt%20V/Oyun%20Modlar%C4%B1/V/resources/gamemode/server/server.mjs:53
[03:50:46][Error]       player.health(100);
[03:50:46][Error]   TypeError: player.health is not a function
    at file:///D:/Geli%C5%9Ftirme/Alt%20V/Oyun%20Modlar%C4%B1/V/resources/gamemode/server/server.mjs:53:12
[03:50:46][Warning] Event handler at chat:file:///D:/Geli%C5%9Ftirme/Alt%20V/Oyun%20Modlar%C4%B1/V/resources/chat/index.mjs:15 was too long 9ms
[03:51:52] Stopping resource gamemode
[03:51:52] Stopped resource gamemode
[03:51:52] Stopping resource chat
[03:51:52] Stopped resource chat
[03:51:52][03:51:52][03:51:52][03:51:52] CreateFile failed.Error: 32
 CreateFile failed.Error: 32
 CreateFile failed.Error: 32
